<?xml version="1.0" encoding="UTF-8"?>
<testsuite xmlns:xsi="http://www.w3.org/2001/XMLSchema-instance" xsi:noNamespaceSchemaLocation="https://maven.apache.org/surefire/maven-surefire-plugin/xsd/surefire-test-report-3.0.xsd" version="3.0" name="examples.ExamplesTest" time="4.512" tests="1" errors="0" skipped="0" failures="1">
  <properties>
[...]
</properties>
  <testcase name="testParallel" classname="examples.ExamplesTest" time="4.489">
    <failure message="status code was: 404, expected: 200, response time in milliseconds: 861, url: https://gorest.co.in/public/v2/users/98756, response: &#10;{&quot;message&quot;:&quot;Resource not found&quot;}&#10;classpath:examples/Usuarios.User/Usuario.feature:41 ==&gt; expected: &lt;0&gt; but was: &lt;1&gt;" type="org.opentest4j.AssertionFailedError"><![CDATA[org.opentest4j.AssertionFailedError: 
status code was: 404, expected: 200, response time in milliseconds: 861, url: https://gorest.co.in/public/v2/users/98756, response: 
{"message":"Resource not found"}
classpath:examples/Usuarios.User/Usuario.feature:41 ==> expected: <0> but was: <1>
	at org.junit.jupiter.api.AssertionFailureBuilder.build(AssertionFailureBuilder.java:151)
	at org.junit.jupiter.api.AssertionFailureBuilder.buildAndThrow(AssertionFailureBuilder.java:132)
	at org.junit.jupiter.api.AssertEquals.failNotEqual(AssertEquals.java:197)
	at org.junit.jupiter.api.AssertEquals.assertEquals(AssertEquals.java:150)
	at org.junit.jupiter.api.Assertions.assertEquals(Assertions.java:563)
	at examples.ExamplesTest.testParallel(ExamplesTest.java:15)
	at java.base/java.lang.reflect.Method.invoke(Method.java:565)
	at java.base/java.util.ArrayList.forEach(ArrayList.java:1604)
	at java.base/java.util.ArrayList.forEach(ArrayList.java:1604)
]]></failure>
    <system-out><![CDATA[09:52:26.823 [main] DEBUG com.intuit.karate.Suite - [config] classpath:karate-config.js
09:52:26.829 [main] INFO  com.intuit.karate.Suite - backed up existing 'target\karate-reports' dir to: target\karate-reports_1756216346827
09:52:26.834 [main] DEBUG com.intuit.karate.Suite - waiting for 2 features to complete
09:52:27.759 [pool-2-thread-2] INFO  com.intuit.karate - karate.env system property was: null 
09:52:27.759 [pool-2-thread-3] INFO  com.intuit.karate - karate.env system property was: null 
09:52:27.759 [pool-2-thread-1] INFO  com.intuit.karate - karate.env system property was: null 
09:52:27.985 [pool-2-thread-1] DEBUG com.intuit.karate - request:
1 > GET https://jsonplaceholder.typicode.com/users
1 > Host: jsonplaceholder.typicode.com
1 > Connection: Keep-Alive
1 > User-Agent: Apache-HttpClient/4.5.14 (Java/24)
1 > Accept-Encoding: gzip,deflate


09:52:27.985 [pool-2-thread-2] DEBUG com.intuit.karate - request:
1 > POST https://jsonplaceholder.typicode.com/users
1 > Content-Type: application/json; charset=UTF-8
1 > Content-Length: 160
1 > Host: jsonplaceholder.typicode.com
1 > Connection: Keep-Alive
1 > User-Agent: Apache-HttpClient/4.5.14 (Java/24)
1 > Accept-Encoding: gzip,deflate
{"name":"Test User","username":"testuser","email":"test@user.com","address":{"street":"Has No Name","suite":"Apt. 123","city":"Electri","zipcode":"54321-6789"}}

09:52:27.985 [pool-2-thread-3] DEBUG com.intuit.karate - request:
1 > POST https://gorest.co.in/public/v2/users
1 > Accept: application/json
1 > Content-Type: application/json; charset=UTF-8
1 > Authorization: Bearer 700d0c7a86eb84028bf5cd204b11587f812f9d7cd880dc4edbdbd1d407ae9954
1 > Content-Length: 95
1 > Host: gorest.co.in
1 > Connection: Keep-Alive
1 > User-Agent: Apache-HttpClient/4.5.14 (Java/24)
1 > Accept-Encoding: gzip,deflate
{"id":98756,"name":"MadMax777","gender":"male","email":"mad.max777@19ce.com","status":"active"}

09:52:28.692 [pool-2-thread-1] DEBUG com.intuit.karate - response time in milliseconds: 703
1 < 200
1 < Date: Tue, 26 Aug 2025 13:52:29 GMT
1 < Content-Type: application/json; charset=utf-8
1 < Connection: keep-alive
1 < Access-Control-Allow-Credentials: true
1 < Cache-Control: max-age=43200
1 < Etag: W/"160d-1eMSsxeJRfnVLRBmYJSbCiJZ1qQ"
1 < Expires: -1
1 < Nel: {"report_to":"heroku-nel","response_headers":["Via"],"max_age":3600,"success_fraction":0.01,"failure_fraction":0.1}
1 < Pragma: no-cache
1 < Report-To: {"group":"heroku-nel","endpoints":[{"url":"https://nel.heroku.com/reports?s=n10YgWlhj1ehCi%2FLrs64buGe8Qq0a3GfXH2DgShfpAU%3D\u0026sid=e11707d5-02a7-43ef-b45e-2cf4d2036f7d\u0026ts=1756210124"}],"max_age":3600}
1 < Reporting-Endpoints: heroku-nel="https://nel.heroku.com/reports?s=n10YgWlhj1ehCi%2FLrs64buGe8Qq0a3GfXH2DgShfpAU%3D&sid=e11707d5-02a7-43ef-b45e-2cf4d2036f7d&ts=1756210124"
1 < Server: cloudflare
1 < Vary: Origin, Accept-Encoding
1 < Via: 2.0 heroku-router
1 < X-Content-Type-Options: nosniff
1 < X-Powered-By: Express
1 < X-Ratelimit-Limit: 1000
1 < X-Ratelimit-Remaining: 999
1 < X-Ratelimit-Reset: 1756210137
1 < Age: 6225
1 < Cf-Cache-Status: HIT
1 < Server-Timing: cfCacheStatus;desc="HIT"
1 < Server-Timing: cfEdge;dur=7,cfOrigin;dur=0
1 < CF-RAY: 9753cf5a1ac60597-IAD
1 < alt-svc: h3=":443"; ma=86400
[
  {
    "id": 1,
    "name": "Leanne Graham",
    "username": "Bret",
    "email": "Sincere@april.biz",
    "address": {
      "street": "Kulas Light",
      "suite": "Apt. 556",
      "city": "Gwenborough",
      "zipcode": "92998-3874",
      "geo": {
        "lat": "-37.3159",
        "lng": "81.1496"
      }
    },
    "phone": "1-770-736-8031 x56442",
    "website": "hildegard.org",
    "company": {
      "name": "Romaguera-Crona",
      "catchPhrase": "Multi-layered client-server neural-net",
      "bs": "harness real-time e-markets"
    }
  },
  {
    "id": 2,
    "name": "Ervin Howell",
    "username": "Antonette",
    "email": "Shanna@melissa.tv",
    "address": {
      "street": "Victor Plains",
      "suite": "Suite 879",
      "city": "Wisokyburgh",
      "zipcode": "90566-7771",
      "geo": {
        "lat": "-43.9509",
        "lng": "-34.4618"
      }
    },
    "phone": "010-692-6593 x09125",
    "website": "anastasia.net",
    "company": {
      "name": "Deckow-Crist",
      "catchPhrase": "Proactive didactic contingency",
      "bs": "synergize scalable supply-chains"
    }
  },
  {
    "id": 3,
    "name": "Clementine Bauch",
    "username": "Samantha",
    "email": "Nathan@yesenia.net",
    "address": {
      "street": "Douglas Extension",
      "suite": "Suite 847",
      "city": "McKenziehaven",
      "zipcode": "59590-4157",
      "geo": {
        "lat": "-68.6102",
        "lng": "-47.0653"
      }
    },
    "phone": "1-463-123-4447",
    "website": "ramiro.info",
    "company": {
      "name": "Romaguera-Jacobson",
      "catchPhrase": "Face to face bifurcated interface",
      "bs": "e-enable strategic applications"
    }
  },
  {
    "id": 4,
    "name": "Patricia Lebsack",
    "username": "Karianne",
    "email": "Julianne.OConner@kory.org",
    "address": {
      "street": "Hoeger Mall",
      "suite": "Apt. 692",
      "city": "South Elvis",
      "zipcode": "53919-4257",
      "geo": {
        "lat": "29.4572",
        "lng": "-164.2990"
      }
    },
    "phone": "493-170-9623 x156",
    "website": "kale.biz",
    "company": {
      "name": "Robel-Corkery",
      "catchPhrase": "Multi-tiered zero tolerance productivity",
      "bs": "transition cutting-edge web services"
    }
  },
  {
    "id": 5,
    "name": "Chelsey Dietrich",
    "username": "Kamren",
    "email": "Lucio_Hettinger@annie.ca",
    "address": {
      "street": "Skiles Walks",
      "suite": "Suite 351",
      "city": "Roscoeview",
      "zipcode": "33263",
      "geo": {
        "lat": "-31.8129",
        "lng": "62.5342"
      }
    },
    "phone": "(254)954-1289",
    "website": "demarco.info",
    "company": {
      "name": "Keebler LLC",
      "catchPhrase": "User-centric fault-tolerant solution",
      "bs": "revolutionize end-to-end systems"
    }
  },
  {
    "id": 6,
    "name": "Mrs. Dennis Schulist",
    "username": "Leopoldo_Corkery",
    "email": "Karley_Dach@jasper.info",
    "address": {
      "street": "Norberto Crossing",
      "suite": "Apt. 950",
      "city": "South Christy",
      "zipcode": "23505-1337",
      "geo": {
        "lat": "-71.4197",
        "lng": "71.7478"
      }
    },
    "phone": "1-477-935-8478 x6430",
    "website": "ola.org",
    "company": {
      "name": "Considine-Lockman",
      "catchPhrase": "Synchronised bottom-line interface",
      "bs": "e-enable innovative applications"
    }
  },
  {
    "id": 7,
    "name": "Kurtis Weissnat",
    "username": "Elwyn.Skiles",
    "email": "Telly.Hoeger@billy.biz",
    "address": {
      "street": "Rex Trail",
      "suite": "Suite 280",
      "city": "Howemouth",
      "zipcode": "58804-1099",
      "geo": {
        "lat": "24.8918",
        "lng": "21.8984"
      }
    },
    "phone": "210.067.6132",
    "website": "elvis.io",
    "company": {
      "name": "Johns Group",
      "catchPhrase": "Configurable multimedia task-force",
      "bs": "generate enterprise e-tailers"
    }
  },
  {
    "id": 8,
    "name": "Nicholas Runolfsdottir V",
    "username": "Maxime_Nienow",
    "email": "Sherwood@rosamond.me",
    "address": {
      "street": "Ellsworth Summit",
      "suite": "Suite 729",
      "city": "Aliyaview",
      "zipcode": "45169",
      "geo": {
        "lat": "-14.3990",
        "lng": "-120.7677"
      }
    },
    "phone": "586.493.6943 x140",
    "website": "jacynthe.com",
    "company": {
      "name": "Abernathy Group",
      "catchPhrase": "Implemented secondary concept",
      "bs": "e-enable extensible e-tailers"
    }
  },
  {
    "id": 9,
    "name": "Glenna Reichert",
    "username": "Delphine",
    "email": "Chaim_McDermott@dana.io",
    "address": {
      "street": "Dayna Park",
      "suite": "Suite 449",
      "city": "Bartholomebury",
      "zipcode": "76495-3109",
      "geo": {
        "lat": "24.6463",
        "lng": "-168.8889"
      }
    },
    "phone": "(775)976-6794 x41206",
    "website": "conrad.com",
    "company": {
      "name": "Yost and Sons",
      "catchPhrase": "Switchable contextually-based project",
      "bs": "aggregate real-time technologies"
    }
  },
  {
    "id": 10,
    "name": "Clementina DuBuque",
    "username": "Moriah.Stanton",
    "email": "Rey.Padberg@karina.biz",
    "address": {
      "street": "Kattie Turnpike",
      "suite": "Suite 198",
      "city": "Lebsackbury",
      "zipcode": "31428-2261",
      "geo": {
        "lat": "-38.2386",
        "lng": "57.2232"
      }
    },
    "phone": "024-648-3804",
    "website": "ambrose.net",
    "company": {
      "name": "Hoeger LLC",
      "catchPhrase": "Centralized empowering task-force",
      "bs": "target end-to-end models"
    }
  }
]

09:52:28.709 [pool-2-thread-1] DEBUG com.intuit.karate - request:
2 > GET https://jsonplaceholder.typicode.com/users/1
2 > Host: jsonplaceholder.typicode.com
2 > Connection: Keep-Alive
2 > User-Agent: Apache-HttpClient/4.5.14 (Java/24)
2 > Accept-Encoding: gzip,deflate


09:52:28.869 [pool-2-thread-1] DEBUG com.intuit.karate - response time in milliseconds: 158
2 < 200
2 < Date: Tue, 26 Aug 2025 13:52:30 GMT
2 < Content-Type: application/json; charset=utf-8
2 < Transfer-Encoding: chunked
2 < Connection: keep-alive
2 < Access-Control-Allow-Credentials: true
2 < Cache-Control: max-age=43200
2 < Etag: W/"1fd-+2Y3G3w049iSZtw5t1mzSnunngE"
2 < Expires: -1
2 < Nel: {"report_to":"heroku-nel","response_headers":["Via"],"max_age":3600,"success_fraction":0.01,"failure_fraction":0.1}
2 < Pragma: no-cache
2 < Report-To: {"group":"heroku-nel","endpoints":[{"url":"https://nel.heroku.com/reports?s=223ZsMOGtxX%2FJBB2fAn2E%2BgYcOctaTZIidppTD9OSZM%3D\u0026sid=e11707d5-02a7-43ef-b45e-2cf4d2036f7d\u0026ts=1752068921"}],"max_age":3600}
2 < Reporting-Endpoints: heroku-nel="https://nel.heroku.com/reports?s=223ZsMOGtxX%2FJBB2fAn2E%2BgYcOctaTZIidppTD9OSZM%3D&sid=e11707d5-02a7-43ef-b45e-2cf4d2036f7d&ts=1752068921"
2 < Server: cloudflare
2 < Vary: Origin, Accept-Encoding
2 < Via: 2.0 heroku-router
2 < X-Content-Type-Options: nosniff
2 < X-Powered-By: Express
2 < X-Ratelimit-Limit: 1000
2 < X-Ratelimit-Remaining: 999
2 < X-Ratelimit-Reset: 1752068976
2 < Age: 17856
2 < Cf-Cache-Status: HIT
2 < Server-Timing: cfCacheStatus;desc="HIT"
2 < Server-Timing: cfEdge;dur=11,cfOrigin;dur=0
2 < CF-RAY: 9753cf5ba828f187-GRU
2 < alt-svc: h3=":443"; ma=86400
{
  "id": 1,
  "name": "Leanne Graham",
  "username": "Bret",
  "email": "Sincere@april.biz",
  "address": {
    "street": "Kulas Light",
    "suite": "Apt. 556",
    "city": "Gwenborough",
    "zipcode": "92998-3874",
    "geo": {
      "lat": "-37.3159",
      "lng": "81.1496"
    }
  },
  "phone": "1-770-736-8031 x56442",
  "website": "hildegard.org",
  "company": {
    "name": "Romaguera-Crona",
    "catchPhrase": "Multi-layered client-server neural-net",
    "bs": "harness real-time e-markets"
  }
}

09:52:29.398 [pool-2-thread-3] DEBUG com.intuit.karate - response time in milliseconds: 1411
1 < 201
1 < Date: Tue, 26 Aug 2025 13:52:30 GMT
1 < Content-Type: application/json; charset=utf-8
1 < Content-Length: 97
1 < Connection: keep-alive
1 < Cache-Control: max-age=0, private, must-revalidate
1 < Etag: W/"01aa0ca6c19c60201f0df8ee820e71e8"
1 < Feature-Policy: camera 'none'; gyroscope 'none'; microphone 'none'; usb 'none'; fullscreen 'self'
1 < Location: https://gorest.co.in/public/v2/users/8086361
1 < Referrer-Policy: strict-origin-when-cross-origin
1 < Vary: Origin
1 < X-Content-Type-Options: nosniff
1 < X-Download-Options: noopen
1 < X-Frame-Options: SAMEORIGIN
1 < X-Permitted-Cross-Domain-Policies: none
1 < X-Ratelimit-Limit: 90
1 < X-Ratelimit-Remaining: 89
1 < X-Ratelimit-Reset: 1
1 < X-Request-Id: 75b815fd-6e23-441e-8c29-80572aee4a95
1 < X-Runtime: 0.052386
1 < X-Xss-Protection: 0
1 < Cf-Cache-Status: DYNAMIC
1 < Nel: {"report_to":"cf-nel","success_fraction":0.0,"max_age":604800}
1 < Report-To: {"group":"cf-nel","max_age":604800,"endpoints":[{"url":"https://a.nel.cloudflare.com/report/v4?s=nI0IByx8qoUqM7pLKNg2UaO4YAifaZHXIr4kowX8qvvTGC1IRR5AEJjae%2BxzSicc3KTpBUjkStEe7ABIXBMoTD20IsPeqZWhh1onVg%3D%3D"}]}
1 < Server: cloudflare
1 < CF-RAY: 9753cf5a1a0a7067-IAD
1 < alt-svc: h3=":443"; ma=86400
{"id":8086361,"name":"MadMax777","email":"mad.max777@19ce.com","gender":"male","status":"active"}

09:52:29.413 [pool-2-thread-3] DEBUG com.intuit.karate - request:
2 > GET https://gorest.co.in/public/v2/users/98756
2 > Host: gorest.co.in
2 > Connection: Keep-Alive
2 > User-Agent: Apache-HttpClient/4.5.14 (Java/24)
2 > Accept-Encoding: gzip,deflate


09:52:29.626 [pool-2-thread-2] DEBUG com.intuit.karate - response time in milliseconds: 1639
1 < 201
1 < Date: Tue, 26 Aug 2025 13:52:30 GMT
1 < Content-Type: application/json; charset=utf-8
1 < Content-Length: 216
1 < Connection: keep-alive
1 < Access-Control-Allow-Credentials: true
1 < Access-Control-Expose-Headers: Location
1 < Cache-Control: no-cache
1 < Etag: W/"d8-pYV7+YuMGP2hxHPU9ARrf97ifDA"
1 < Expires: -1
1 < Location: https://jsonplaceholder.typicode.com/users/11
1 < Nel: {"report_to":"heroku-nel","response_headers":["Via"],"max_age":3600,"success_fraction":0.01,"failure_fraction":0.1}
1 < Pragma: no-cache
1 < Report-To: {"group":"heroku-nel","endpoints":[{"url":"https://nel.heroku.com/reports?s=MqNN9J%2BVWgjHQ0NocYCpiAy%2BJR1ELgIpImD%2F%2Fo%2BSfng%3D\u0026sid=e11707d5-02a7-43ef-b45e-2cf4d2036f7d\u0026ts=1756216350"}],"max_age":3600}
1 < Reporting-Endpoints: heroku-nel="https://nel.heroku.com/reports?s=MqNN9J%2BVWgjHQ0NocYCpiAy%2BJR1ELgIpImD%2F%2Fo%2BSfng%3D&sid=e11707d5-02a7-43ef-b45e-2cf4d2036f7d&ts=1756216350"
1 < Server: cloudflare
1 < Vary: Origin, X-HTTP-Method-Override, Accept-Encoding
1 < Via: 2.0 heroku-router
1 < X-Content-Type-Options: nosniff
1 < X-Powered-By: Express
1 < X-Ratelimit-Limit: 1000
1 < X-Ratelimit-Remaining: 999
1 < X-Ratelimit-Reset: 1756216377
1 < Cf-Cache-Status: DYNAMIC
1 < Server-Timing: cfCacheStatus;desc="DYNAMIC"
1 < Server-Timing: cfEdge;dur=23,cfOrigin;dur=25
1 < CF-RAY: 9753cf5fb83407ba-MIA
1 < alt-svc: h3=":443"; ma=86400
{
  "name": "Test User",
  "username": "testuser",
  "email": "test@user.com",
  "address": {
    "street": "Has No Name",
    "suite": "Apt. 123",
    "city": "Electri",
    "zipcode": "54321-6789"
  },
  "id": 11
}

09:52:29.635 [pool-2-thread-2] INFO  com.intuit.karate - [print] created id is:  11 
---------------------------------------------------------
feature: classpath:examples/users/users.feature
scenarios:  2 | passed:  2 | failed:  0 | time: 2,9211
---------------------------------------------------------

09:52:30.080 [pool-3-thread-1] INFO  com.intuit.karate.Suite - <<pass>> feature 1 of 2 (1 remaining) classpath:examples/users/users.feature
09:52:30.275 [pool-2-thread-3] DEBUG com.intuit.karate - response time in milliseconds: 861
2 < 404
2 < Date: Tue, 26 Aug 2025 13:52:31 GMT
2 < Content-Type: application/json; charset=utf-8
2 < Transfer-Encoding: chunked
2 < Connection: keep-alive
2 < Cache-Control: no-cache
2 < Feature-Policy: camera 'none'; gyroscope 'none'; microphone 'none'; usb 'none'; fullscreen 'self'
2 < Referrer-Policy: strict-origin-when-cross-origin
2 < Vary: Origin
2 < X-Content-Type-Options: nosniff
2 < X-Download-Options: noopen
2 < X-Frame-Options: SAMEORIGIN
2 < X-Permitted-Cross-Domain-Policies: none
2 < X-Request-Id: d13021f7-80b8-45c3-8850-d379125255b3
2 < X-Runtime: 0.011185
2 < X-Xss-Protection: 0
2 < Cf-Cache-Status: DYNAMIC
2 < Nel: {"report_to":"cf-nel","success_fraction":0.0,"max_age":604800}
2 < Report-To: {"group":"cf-nel","max_age":604800,"endpoints":[{"url":"https://a.nel.cloudflare.com/report/v4?s=mTOnLSJM6afxqlnB7NH0ydq2dV71KHqf6bQvKWI6heX1TVp4ytQ6jojoJ3z%2BAL4N8YssZ9VstFjQyO1WahIZiITqcbbDhAUFoyzztQ%3D%3D"}]}
2 < Server: cloudflare
2 < CF-RAY: 9753cf627b70ade8-MIA
2 < alt-svc: h3=":443"; ma=86400
{"message":"Resource not found"}

09:52:30.283 [pool-2-thread-3] ERROR com.intuit.karate - classpath:examples/Usuarios.User/Usuario.feature:41
Then status 200
status code was: 404, expected: 200, response time in milliseconds: 861, url: https://gorest.co.in/public/v2/users/98756, response: 
{"message":"Resource not found"}
classpath:examples/Usuarios.User/Usuario.feature:41
---------------------------------------------------------
feature: classpath:examples/Usuarios.User/Usuario.feature
scenarios:  1 | passed:  0 | failed:  1 | time: 2,4889
---------------------------------------------------------

09:52:30.351 [pool-3-thread-1] INFO  com.intuit.karate.Suite - <<fail>> feature 2 of 2 (0 remaining) classpath:examples/Usuarios.User/Usuario.feature
Karate version: 1.5.0
======================================================
elapsed:   4,08 | threads:    5 | thread time: 5,41 
features:     2 | skipped:    0 | efficiency: 0,27
scenarios:    3 | passed:     2 | failed: 1
======================================================
>>> failed features:
status code was: 404, expected: 200, response time in milliseconds: 861, url: https://gorest.co.in/public/v2/users/98756, response: 
{"message":"Resource not found"}
classpath:examples/Usuarios.User/Usuario.feature:41
<<<

HTML report: (paste into browser to view) | Karate version: 1.5.0
file:///C:/Users/USER/Desktop/QA2/qa2Prueba/target/karate-reports/karate-summary.html
===================================================================

]]></system-out>
  </testcase>
</testsuite>